<html>
<head>
<title>TestNG:  Test</title>
<link href="../testng.css" rel="stylesheet" type="text/css" />
<link href="../my-testng.css" rel="stylesheet" type="text/css" />

<style type="text/css">
.log { display: none;} 
.stack-trace { display: none;} 
</style>
<script type="text/javascript">
<!--
function flip(e) {
  current = e.style.display;
  if (current == 'block') {
    e.style.display = 'none';
    return 0;
  }
  else {
    e.style.display = 'block';
    return 1;
  }
}

function toggleBox(szDivId, elem, msg1, msg2)
{
  var res = -1;  if (document.getElementById) {
    res = flip(document.getElementById(szDivId));
  }
  else if (document.all) {
    // this is the way old msie versions work
    res = flip(document.all[szDivId]);
  }
  if(elem) {
    if(res == 0) elem.innerHTML = msg1; else elem.innerHTML = msg2;
  }

}

function toggleAllBoxes() {
  if (document.getElementsByTagName) {
    d = document.getElementsByTagName('div');
    for (i = 0; i < d.length; i++) {
      if (d[i].className == 'log') {
        flip(d[i]);
      }
    }
  }
}

// -->
</script>

</head>
<body>
<h2 align='center'>Test</h2><table border='1' align="center">
<tr>
<td>Tests passed/Failed/Skipped:</td><td>17/1/0</td>
</tr><tr>
<td>Started on:</td><td>Wed Sep 25 15:58:54 IST 2024</td>
</tr>
<tr><td>Total time:</td><td>108 seconds (108708 ms)</td>
</tr><tr>
<td>Included groups:</td><td></td>
</tr><tr>
<td>Excluded groups:</td><td></td>
</tr>
</table><p/>
<small><i>(Hover the method name to see the test class name)</i></small><p/>
<table width='100%' border='1' class='invocation-failed'>
<tr><td colspan='4' align='center'><b>FAILED TESTS</b></td></tr>
<tr><td><b>Test method</b></td>
<td><b>Attribute(s)</b></td>
<td width="30%"><b>Exception</b></td>
<td width="10%"><b>Time (seconds)</b></td>
<td><b>Instance</b></td>
</tr>
<tr>
<td title='demoTests.Tests.OneMapUITest.testLogo_negative()'><b>testLogo_negative</b><br>Test class: demoTests.Tests.OneMapUITest</td>
<td><div><pre>org.openqa.selenium.NoSuchElementException: no such element: Unable to locate element: {&quot;method&quot;:&quot;xpath&quot;,&quot;selector&quot;:&quot;//img[@alt=&apos;OneMap_flase_logo&apos;]&quot;}
  (Session info: chrome=129.0.6668.60)
For documentation on this error, please visit: https://www.selenium.dev/documentation/webdriver/troubleshooting/errors#no-such-element-exception
Build info: version: &apos;4.16.0&apos;, revision: &apos;15400459dd*&apos;
System info: os.name: &apos;Windows 11&apos;, os.arch: &apos;amd64&apos;, os.version: &apos;10.0&apos;, java.version: &apos;20.0.2&apos;
Driver info: org.openqa.selenium.chrome.ChromeDriver
Command: [e4e1e50a0371ccd8fa91d5870c6b794e, findElement {using=xpath, value=//img[@alt=&apos;OneMap_flase_logo&apos;]}]
Capabilities {acceptInsecureCerts: false, browserName: chrome, browserVersion: 129.0.6668.60, chrome: {chromedriverVersion: 129.0.6668.70 (df87d5cf12b1..., userDataDir: C:\Users\Sourav\AppData\Loc...}, fedcm:accounts: true, goog:chromeOptions: {debuggerAddress: localhost:65458}, networkConnectionEnabled: false, pageLoadStrategy: normal, platformName: windows, proxy: Proxy(), se:cdp: ws://localhost:65458/devtoo..., se:cdpVersion: 129.0.6668.60, setWindowRect: true, strictFileInteractability: false, timeouts: {implicit: 0, pageLoad: 300000, script: 30000}, unhandledPromptBehavior: dismiss and notify, webauthn:extension:credBlob: true, webauthn:extension:largeBlob: true, webauthn:extension:minPinLength: true, webauthn:extension:prf: true, webauthn:virtualAuthenticators: true}
Session ID: e4e1e50a0371ccd8fa91d5870c6b794e
	at org.openqa.selenium.remote.codec.w3c.W3CHttpResponseCodec.createException(W3CHttpResponseCodec.java:200)
	at org.openqa.selenium.remote.codec.w3c.W3CHttpResponseCodec.decode(W3CHttpResponseCodec.java:133)
	at org.openqa.selenium.remote.codec.w3c.W3CHttpResponseCodec.decode(W3CHttpResponseCodec.java:52)
	at org.openqa.selenium.remote.HttpCommandExecutor.execute(HttpCommandExecutor.java:191)
	at org.openqa.selenium.remote.service.DriverCommandExecutor.invokeExecute(DriverCommandExecutor.java:200)
	at org.openqa.selenium.remote.service.DriverCommandExecutor.execute(DriverCommandExecutor.java:175)
	at org.openqa.selenium.remote.RemoteWebDriver.execute(RemoteWebDriver.java:523)
	at org.openqa.selenium.remote.ElementLocation$ElementFinder$2.findElement(ElementLocation.java:165)
	at org.openqa.selenium.remote.ElementLocation.findElement(ElementLocation.java:59)
	at org.openqa.selenium.remote.RemoteWebDriver.findElement(RemoteWebDriver.java:360)
	at org.openqa.selenium.remote.RemoteWebDriver.findElement(RemoteWebDriver.java:354)
	at org.openqa.selenium.support.pagefactory.DefaultElementLocator.findElement(DefaultElementLocator.java:68)
	at org.openqa.selenium.support.pagefactory.internal.LocatingElementHandler.invoke(LocatingElementHandler.java:38)
	at jdk.proxy2/jdk.proxy2.$Proxy11.isDisplayed(Unknown Source)
	at demoTests.Tests.OneMapUITest.testLogo_negative(OneMapUITest.java:94)
	at java.base/java.util.concurrent.Executors$RunnableAdapter.call(Executors.java:577)
	at java.base/java.util.concurrent.FutureTask.run(FutureTask.java:317)
	at java.base/java.util.concurrent.ThreadPoolExecutor.runWorker(ThreadPoolExecutor.java:1144)
	at java.base/java.util.concurrent.ThreadPoolExecutor$Worker.run(ThreadPoolExecutor.java:642)
	at java.base/java.lang.Thread.run(Thread.java:1623)
... Removed 14 stack frames</pre></div><a href='#' onClick='toggleBox("stack-trace437631393", this, "Click to show all stack frames", "Click to hide stack frames")'>Click to show all stack frames</a>
<div class='stack-trace' id='stack-trace437631393'><pre>org.openqa.selenium.NoSuchElementException: no such element: Unable to locate element: {&quot;method&quot;:&quot;xpath&quot;,&quot;selector&quot;:&quot;//img[@alt=&apos;OneMap_flase_logo&apos;]&quot;}
  (Session info: chrome=129.0.6668.60)
For documentation on this error, please visit: https://www.selenium.dev/documentation/webdriver/troubleshooting/errors#no-such-element-exception
Build info: version: &apos;4.16.0&apos;, revision: &apos;15400459dd*&apos;
System info: os.name: &apos;Windows 11&apos;, os.arch: &apos;amd64&apos;, os.version: &apos;10.0&apos;, java.version: &apos;20.0.2&apos;
Driver info: org.openqa.selenium.chrome.ChromeDriver
Command: [e4e1e50a0371ccd8fa91d5870c6b794e, findElement {using=xpath, value=//img[@alt=&apos;OneMap_flase_logo&apos;]}]
Capabilities {acceptInsecureCerts: false, browserName: chrome, browserVersion: 129.0.6668.60, chrome: {chromedriverVersion: 129.0.6668.70 (df87d5cf12b1..., userDataDir: C:\Users\Sourav\AppData\Loc...}, fedcm:accounts: true, goog:chromeOptions: {debuggerAddress: localhost:65458}, networkConnectionEnabled: false, pageLoadStrategy: normal, platformName: windows, proxy: Proxy(), se:cdp: ws://localhost:65458/devtoo..., se:cdpVersion: 129.0.6668.60, setWindowRect: true, strictFileInteractability: false, timeouts: {implicit: 0, pageLoad: 300000, script: 30000}, unhandledPromptBehavior: dismiss and notify, webauthn:extension:credBlob: true, webauthn:extension:largeBlob: true, webauthn:extension:minPinLength: true, webauthn:extension:prf: true, webauthn:virtualAuthenticators: true}
Session ID: e4e1e50a0371ccd8fa91d5870c6b794e
	at java.base/jdk.internal.reflect.DirectConstructorHandleAccessor.newInstance(DirectConstructorHandleAccessor.java:67)
	at java.base/java.lang.reflect.Constructor.newInstanceWithCaller(Constructor.java:500)
	at java.base/java.lang.reflect.Constructor.newInstance(Constructor.java:484)
	at org.openqa.selenium.remote.codec.w3c.W3CHttpResponseCodec.createException(W3CHttpResponseCodec.java:200)
	at org.openqa.selenium.remote.codec.w3c.W3CHttpResponseCodec.decode(W3CHttpResponseCodec.java:133)
	at org.openqa.selenium.remote.codec.w3c.W3CHttpResponseCodec.decode(W3CHttpResponseCodec.java:52)
	at org.openqa.selenium.remote.HttpCommandExecutor.execute(HttpCommandExecutor.java:191)
	at org.openqa.selenium.remote.service.DriverCommandExecutor.invokeExecute(DriverCommandExecutor.java:200)
	at org.openqa.selenium.remote.service.DriverCommandExecutor.execute(DriverCommandExecutor.java:175)
	at org.openqa.selenium.remote.RemoteWebDriver.execute(RemoteWebDriver.java:523)
	at org.openqa.selenium.remote.ElementLocation$ElementFinder$2.findElement(ElementLocation.java:165)
	at org.openqa.selenium.remote.ElementLocation.findElement(ElementLocation.java:59)
	at org.openqa.selenium.remote.RemoteWebDriver.findElement(RemoteWebDriver.java:360)
	at org.openqa.selenium.remote.RemoteWebDriver.findElement(RemoteWebDriver.java:354)
	at org.openqa.selenium.support.pagefactory.DefaultElementLocator.findElement(DefaultElementLocator.java:68)
	at org.openqa.selenium.support.pagefactory.internal.LocatingElementHandler.invoke(LocatingElementHandler.java:38)
	at jdk.proxy2/jdk.proxy2.$Proxy11.isDisplayed(Unknown Source)
	at demoTests.Tests.OneMapUITest.testLogo_negative(OneMapUITest.java:94)
	at java.base/jdk.internal.reflect.DirectMethodHandleAccessor.invoke(DirectMethodHandleAccessor.java:104)
	at java.base/java.lang.reflect.Method.invoke(Method.java:578)
	at org.testng.internal.invokers.MethodInvocationHelper.invokeMethod(MethodInvocationHelper.java:139)
	at org.testng.internal.invokers.TestInvoker.invokeMethod(TestInvoker.java:664)
	at org.testng.internal.invokers.TestInvoker.invokeTestMethod(TestInvoker.java:228)
	at org.testng.internal.invokers.MethodRunner.runInSequence(MethodRunner.java:63)
	at org.testng.internal.invokers.TestInvoker$MethodInvocationAgent.invoke(TestInvoker.java:961)
	at org.testng.internal.invokers.TestInvoker.invokeTestMethods(TestInvoker.java:201)
	at org.testng.internal.invokers.TestMethodWorker.invokeTestMethods(TestMethodWorker.java:148)
	at org.testng.internal.invokers.TestMethodWorker.run(TestMethodWorker.java:128)
	at java.base/java.util.concurrent.Executors$RunnableAdapter.call(Executors.java:577)
	at java.base/java.util.concurrent.FutureTask.run(FutureTask.java:317)
	at org.testng.internal.thread.graph.TestNGFutureTask.run(TestNGFutureTask.java:22)
	at java.base/java.util.concurrent.ThreadPoolExecutor.runWorker(ThreadPoolExecutor.java:1144)
	at java.base/java.util.concurrent.ThreadPoolExecutor$Worker.run(ThreadPoolExecutor.java:642)
	at java.base/java.lang.Thread.run(Thread.java:1623)
</pre></div></td>
<td>20</td>
<td>demoTests.Tests.OneMapUITest@7d3e8655</td></tr>
</table><p>
<table width='100%' border='1' class='invocation-passed'>
<tr><td colspan='4' align='center'><b>PASSED TESTS</b></td></tr>
<tr><td><b>Test method</b></td>
<td><b>Attribute(s)</b></td>
<td width="30%"><b>Exception</b></td>
<td width="10%"><b>Time (seconds)</b></td>
<td><b>Instance</b></td>
</tr>
<tr>
<td title='demoTests.Tests.OneMapMobileTest.schoolQueryInfo()'><b>schoolQueryInfo</b><br>Test class: demoTests.Tests.OneMapMobileTest</td>
<td></td>
<td>0</td>
<td>demoTests.Tests.OneMapMobileTest@14dd7b39</td></tr>
<tr>
<td title='demoTests.Tests.OneMapUITest.communityLogo()'><b>communityLogo</b><br>Test class: demoTests.Tests.OneMapUITest</td>
<td></td>
<td>0</td>
<td>demoTests.Tests.OneMapUITest@7d3e8655</td></tr>
<tr>
<td title='demoTests.Tests.OneMapUITest.navigateHere()'><b>navigateHere</b><br>Test class: demoTests.Tests.OneMapUITest</td>
<td></td>
<td>0</td>
<td>demoTests.Tests.OneMapUITest@7d3e8655</td></tr>
<tr>
<td title='demoTests.Tests.OneMapUITest.hawkerCentre()'><b>hawkerCentre</b><br>Test class: demoTests.Tests.OneMapUITest</td>
<td></td>
<td>0</td>
<td>demoTests.Tests.OneMapUITest@7d3e8655</td></tr>
<tr>
<td title='demoTests.Tests.OneMapUITest.threeDimensionView()'><b>threeDimensionView</b><br>Test class: demoTests.Tests.OneMapUITest</td>
<td></td>
<td>11</td>
<td>demoTests.Tests.OneMapUITest@7d3e8655</td></tr>
<tr>
<td title='demoTests.Tests.OneMapUITest.verifyTitle()'><b>verifyTitle</b><br>Test class: demoTests.Tests.OneMapUITest</td>
<td></td>
<td>0</td>
<td>demoTests.Tests.OneMapUITest@7d3e8655</td></tr>
<tr>
<td title='demoTests.Tests.OneMapMobileTest.verifyTitle()'><b>verifyTitle</b><br>Test class: demoTests.Tests.OneMapMobileTest</td>
<td></td>
<td>0</td>
<td>demoTests.Tests.OneMapMobileTest@14dd7b39</td></tr>
<tr>
<td title='demoTests.Tests.OneMapUITest.originsearch()'><b>originsearch</b><br>Test class: demoTests.Tests.OneMapUITest</td>
<td></td>
<td>9</td>
<td>demoTests.Tests.OneMapUITest@7d3e8655</td></tr>
<tr>
<td title='demoTests.Tests.OneMapUITest.testLogo()'><b>testLogo</b><br>Test class: demoTests.Tests.OneMapUITest</td>
<td></td>
<td>1</td>
<td>demoTests.Tests.OneMapUITest@7d3e8655</td></tr>
<tr>
<td title='demoTests.Tests.OneMapMobileTest.communityLogo()'><b>communityLogo</b><br>Test class: demoTests.Tests.OneMapMobileTest</td>
<td></td>
<td>0</td>
<td>demoTests.Tests.OneMapMobileTest@14dd7b39</td></tr>
<tr>
<td title='demoTests.Tests.OneMapMobileTest.hawkerCentre()'><b>hawkerCentre</b><br>Test class: demoTests.Tests.OneMapMobileTest</td>
<td></td>
<td>0</td>
<td>demoTests.Tests.OneMapMobileTest@14dd7b39</td></tr>
<tr>
<td title='demoTests.Tests.OneMapUITest.medical()'><b>medical</b><br>Test class: demoTests.Tests.OneMapUITest</td>
<td></td>
<td>0</td>
<td>demoTests.Tests.OneMapUITest@7d3e8655</td></tr>
<tr>
<td title='demoTests.Tests.OneMapUITest.searchBar()'><b>searchBar</b><br>Test class: demoTests.Tests.OneMapUITest</td>
<td></td>
<td>4</td>
<td>demoTests.Tests.OneMapUITest@7d3e8655</td></tr>
<tr>
<td title='demoTests.Tests.OneMapUITest.schoolQueryInfo()'><b>schoolQueryInfo</b><br>Test class: demoTests.Tests.OneMapUITest</td>
<td></td>
<td>0</td>
<td>demoTests.Tests.OneMapUITest@7d3e8655</td></tr>
<tr>
<td title='demoTests.Tests.OneMapUITest.verifySearch()'><b>verifySearch</b><br>Test class: demoTests.Tests.OneMapUITest</td>
<td></td>
<td>0</td>
<td>demoTests.Tests.OneMapUITest@7d3e8655</td></tr>
<tr>
<td title='demoTests.Tests.OneMapMobileTest.testLogo()'><b>testLogo</b><br>Test class: demoTests.Tests.OneMapMobileTest</td>
<td></td>
<td>1</td>
<td>demoTests.Tests.OneMapMobileTest@14dd7b39</td></tr>
<tr>
<td title='demoTests.Tests.OneMapMobileTest.medical()'><b>medical</b><br>Test class: demoTests.Tests.OneMapMobileTest</td>
<td></td>
<td>0</td>
<td>demoTests.Tests.OneMapMobileTest@14dd7b39</td></tr>
</table><p>
</body>
</html>